# JRE version: Java(TM) SE Runtime Environment (8.0_102-b14) (build 1.8.0_102-b14)
# Java VM: Java HotSpot(TM) 64-Bit Server VM (25.102-b14 mixed mode windows-amd64 compressed oops)
Heap:
 PSYoungGen      total 398336K, used 398324K [0x00000000e0000000, 0x0000000100000000, 0x0000000100000000)
  eden space 331776K, 100% used [0x00000000e0000000,0x00000000f4400000,0x00000000f4400000)
  from space 66560K, 99% used [0x00000000fbf00000,0x00000000ffffd050,0x0000000100000000)
  to   space 96256K, 14% used [0x00000000f4400000,0x00000000f51990d0,0x00000000fa200000)
 ParOldGen       total 240640K, used 205701K [0x00000000a0000000, 0x00000000aeb00000, 0x00000000e0000000)
  object space 240640K, 85% used [0x00000000a0000000,0x00000000ac8e17c8,0x00000000aeb00000)
 Metaspace       used 83648K, capacity 87534K, committed 87808K, reserved 1126400K
  class space    used 10939K, capacity 11703K, committed 11776K, reserved 1048576K
GC Heap History (10 events):
Event: 86.002 GC heap after
Heap after GC invocations=22 (full 4):
 PSYoungGen      total 433152K, used 22044K [0x00000000e0000000, 0x00000000ff000000, 0x0000000100000000)
  eden space 378880K, 0% used [0x00000000e0000000,0x00000000e0000000,0x00000000f7200000)
  from space 54272K, 40% used [0x00000000fbb00000,0x00000000fd0871d0,0x00000000ff000000)
  to   space 64512K, 0% used [0x00000000f7200000,0x00000000f7200000,0x00000000fb100000)
 ParOldGen       total 240640K, used 127768K [0x00000000a0000000, 0x00000000aeb00000, 0x00000000e0000000)
  object space 240640K, 53% used [0x00000000a0000000,0x00000000a7cc6038,0x00000000aeb00000)
 Metaspace       used 74360K, capacity 77516K, committed 77824K, reserved 1116160K
  class space    used 9946K, capacity 10600K, committed 10752K, reserved 1048576K
}
Event: 86.797 GC heap before
{Heap before GC invocations=23 (full 4):
 PSYoungGen      total 433152K, used 400924K [0x00000000e0000000, 0x00000000ff000000, 0x0000000100000000)
  eden space 378880K, 100% used [0x00000000e0000000,0x00000000f7200000,0x00000000f7200000)
  from space 54272K, 40% used [0x00000000fbb00000,0x00000000fd0871d0,0x00000000ff000000)
  to   space 64512K, 0% used [0x00000000f7200000,0x00000000f7200000,0x00000000fb100000)
 ParOldGen       total 240640K, used 127768K [0x00000000a0000000, 0x00000000aeb00000, 0x00000000e0000000)
  object space 240640K, 53% used [0x00000000a0000000,0x00000000a7cc6038,0x00000000aeb00000)
 Metaspace       used 74468K, capacity 77632K, committed 77824K, reserved 1116160K
  class space    used 9968K, capacity 10612K, committed 10752K, reserved 1048576K
Event: 86.804 GC heap after
Heap after GC invocations=23 (full 4):
 PSYoungGen      total 443392K, used 1521K [0x00000000e0000000, 0x0000000100000000, 0x0000000100000000)
  eden space 378880K, 0% used [0x00000000e0000000,0x00000000e0000000,0x00000000f7200000)
  from space 64512K, 2% used [0x00000000f7200000,0x00000000f737c530,0x00000000fb100000)
  to   space 64512K, 0% used [0x00000000fc100000,0x00000000fc100000,0x0000000100000000)
 ParOldGen       total 240640K, used 127776K [0x00000000a0000000, 0x00000000aeb00000, 0x00000000e0000000)
  object space 240640K, 53% used [0x00000000a0000000,0x00000000a7cc8038,0x00000000aeb00000)
 Metaspace       used 74468K, capacity 77632K, committed 77824K, reserved 1116160K
  class space    used 9968K, capacity 10612K, committed 10752K, reserved 1048576K
}
Event: 451.578 GC heap before
{Heap before GC invocations=24 (full 4):
 PSYoungGen      total 443392K, used 380401K [0x00000000e0000000, 0x0000000100000000, 0x0000000100000000)
  eden space 378880K, 100% used [0x00000000e0000000,0x00000000f7200000,0x00000000f7200000)
  from space 64512K, 2% used [0x00000000f7200000,0x00000000f737c530,0x00000000fb100000)
  to   space 64512K, 0% used [0x00000000fc100000,0x00000000fc100000,0x0000000100000000)
 ParOldGen       total 240640K, used 127776K [0x00000000a0000000, 0x00000000aeb00000, 0x00000000e0000000)
  object space 240640K, 53% used [0x00000000a0000000,0x00000000a7cc8038,0x00000000aeb00000)
 Metaspace       used 78146K, capacity 81532K, committed 81664K, reserved 1120256K
  class space    used 10296K, capacity 10988K, committed 11008K, reserved 1048576K
Event: 451.638 GC heap after
Heap after GC invocations=24 (full 4):
 PSYoungGen      total 455680K, used 38770K [0x00000000e0000000, 0x0000000100000000, 0x0000000100000000)
  eden space 391168K, 0% used [0x00000000e0000000,0x00000000e0000000,0x00000000f7e00000)
  from space 64512K, 60% used [0x00000000fc100000,0x00000000fe6dc8a8,0x0000000100000000)
  to   space 66560K, 0% used [0x00000000f7e00000,0x00000000f7e00000,0x00000000fbf00000)
 ParOldGen       total 240640K, used 127784K [0x00000000a0000000, 0x00000000aeb00000, 0x00000000e0000000)
  object space 240640K, 53% used [0x00000000a0000000,0x00000000a7cca038,0x00000000aeb00000)
 Metaspace       used 78146K, capacity 81532K, committed 81664K, reserved 1120256K
  class space    used 10296K, capacity 10988K, committed 11008K, reserved 1048576K
}
Event: 454.320 GC heap before
{Heap before GC invocations=25 (full 4):
 PSYoungGen      total 455680K, used 429938K [0x00000000e0000000, 0x0000000100000000, 0x0000000100000000)
  eden space 391168K, 100% used [0x00000000e0000000,0x00000000f7e00000,0x00000000f7e00000)
  from space 64512K, 60% used [0x00000000fc100000,0x00000000fe6dc8a8,0x0000000100000000)
  to   space 66560K, 0% used [0x00000000f7e00000,0x00000000f7e00000,0x00000000fbf00000)
 ParOldGen       total 240640K, used 127784K [0x00000000a0000000, 0x00000000aeb00000, 0x00000000e0000000)
  object space 240640K, 53% used [0x00000000a0000000,0x00000000a7cca038,0x00000000aeb00000)
 Metaspace       used 78181K, capacity 81600K, committed 81664K, reserved 1120256K
  class space    used 10297K, capacity 10988K, committed 11008K, reserved 1048576K
Event: 454.553 GC heap after
Heap after GC invocations=25 (full 4):
 PSYoungGen      total 457728K, used 66530K [0x00000000e0000000, 0x0000000100000000, 0x0000000100000000)
  eden space 391168K, 0% used [0x00000000e0000000,0x00000000e0000000,0x00000000f7e00000)
  from space 66560K, 99% used [0x00000000f7e00000,0x00000000fbef8950,0x00000000fbf00000)
  to   space 66560K, 0% used [0x00000000fbf00000,0x00000000fbf00000,0x0000000100000000)
 ParOldGen       total 240640K, used 152710K [0x00000000a0000000, 0x00000000aeb00000, 0x00000000e0000000)
  object space 240640K, 63% used [0x00000000a0000000,0x00000000a9521a58,0x00000000aeb00000)
 Metaspace       used 78181K, capacity 81600K, committed 81664K, reserved 1120256K
  class space    used 10297K, capacity 10988K, committed 11008K, reserved 1048576K
}
Event: 460.417 GC heap before
{Heap before GC invocations=26 (full 4):
 PSYoungGen      total 457728K, used 457103K [0x00000000e0000000, 0x0000000100000000, 0x0000000100000000)
  eden space 391168K, 99% used [0x00000000e0000000,0x00000000f7d6b600,0x00000000f7e00000)
  from space 66560K, 99% used [0x00000000f7e00000,0x00000000fbef8950,0x00000000fbf00000)
  to   space 66560K, 0% used [0x00000000fbf00000,0x00000000fbf00000,0x0000000100000000)
 ParOldGen       total 240640K, used 152710K [0x00000000a0000000, 0x00000000aeb00000, 0x00000000e0000000)
  object space 240640K, 63% used [0x00000000a0000000,0x00000000a9521a58,0x00000000aeb00000)
 Metaspace       used 78307K, capacity 81720K, committed 81920K, reserved 1120256K
  class space    used 10301K, capacity 10994K, committed 11008K, reserved 1048576K
Event: 460.532 GC heap after
Heap after GC invocations=26 (full 4):
 PSYoungGen      total 398336K, used 66548K [0x00000000e0000000, 0x0000000100000000, 0x0000000100000000)
  eden space 331776K, 0% used [0x00000000e0000000,0x00000000e0000000,0x00000000f4400000)
  from space 66560K, 99% used [0x00000000fbf00000,0x00000000ffffd050,0x0000000100000000)
  to   space 96256K, 0% used [0x00000000f4400000,0x00000000f4400000,0x00000000fa200000)
 ParOldGen       total 240640K, used 157931K [0x00000000a0000000, 0x00000000aeb00000, 0x00000000e0000000)
  object space 240640K, 65% used [0x00000000a0000000,0x00000000a9a3afc8,0x00000000aeb00000)
 Metaspace       used 78307K, capacity 81720K, committed 81920K, reserved 1120256K
  class space    used 10301K, capacity 10994K, committed 11008K, reserved 1048576K
}
Event: 5120.091 GC heap before
{Heap before GC invocations=27 (full 4):
 PSYoungGen      total 398336K, used 398324K [0x00000000e0000000, 0x0000000100000000, 0x0000000100000000)
  eden space 331776K, 100% used [0x00000000e0000000,0x00000000f4400000,0x00000000f4400000)
  from space 66560K, 99% used [0x00000000fbf00000,0x00000000ffffd050,0x0000000100000000)
  to   space 96256K, 0% used [0x00000000f4400000,0x00000000f4400000,0x00000000fa200000)
 ParOldGen       total 240640K, used 157931K [0x00000000a0000000, 0x00000000aeb00000, 0x00000000e0000000)
  object space 240640K, 65% used [0x00000000a0000000,0x00000000a9a3afc8,0x00000000aeb00000)
 Metaspace       used 83648K, capacity 87534K, committed 87808K, reserved 1126400K
  class space    used 10939K, capacity 11703K, committed 11776K, reserved 1048576K

